<?xml version="1.0" encoding="UTF-8"?>
<!-- Generated by org.testng.reporters.JUnitReportReporter -->
<testsuite hostname="EG-MMEGAWER" failures="0" tests="1" name="tests.VeterinariansTest" time="0.343" errors="0" timestamp="2022-11-12T19:17:08 EET" skipped="0">
  <testcase classname="tests.VeterinariansTest" name="FindAllTheVeterinariansWhichAreAdded" time="0.343"/>
  <system-out/>
</testsuite> <!-- tests.VeterinariansTest -->
