<?xml version="1.0" encoding="UTF-8"?>
<!-- Generated by org.testng.reporters.JUnitReportReporter -->
<testsuite hostname="EG-MMEGAWER" failures="0" tests="1" name="tests.FindOwnersTest" time="1.020" errors="0" timestamp="2022-11-12T19:17:30 EET" skipped="0">
  <testcase classname="tests.FindOwnersTest" name="FindAllTheVeterinariansWhichAreAdded" time="1.020"/>
  <system-out/>
</testsuite> <!-- tests.FindOwnersTest -->
