<?xml version="1.0" encoding="UTF-8"?>
<!-- Generated by org.testng.reporters.JUnitReportReporter -->
<testsuite hostname="EG-MMEGAWER" failures="0" tests="1" name="tests.AddNewOwnerTest" time="1.674" errors="0" timestamp="2022-11-12T19:50:13 EET" skipped="0">
  <testcase classname="tests.AddNewOwnerTest" name="VerifyAddingNewOwnerWithNewPet" time="1.674"/>
  <system-out/>
</testsuite> <!-- tests.AddNewOwnerTest -->
