<?xml version="1.0" encoding="UTF-8"?>
<!-- Generated by org.testng.reporters.JUnitReportReporter -->
<testsuite hostname="EG-MMEGAWER" failures="0" tests="1" name="tests.ImageTestCase" time="0.063" errors="0" timestamp="2022-11-12T19:15:05 EET" skipped="0">
  <testcase classname="tests.ImageTestCase" name="VerifyImageOnHomePage" time="0.063"/>
  <system-out/>
</testsuite> <!-- tests.ImageTestCase -->
